<?xml version="1.0" encoding="UTF-8"?>
<testng-results total="1" passed="0" failed="1" skipped="0">
  <reporter-output>
  </reporter-output>
  <suite started-at="2018-10-11T07:03:19Z" name="Default suite" finished-at="2018-10-11T07:03:20Z" duration-ms="280">
    <groups>
      <group name="cucumber">
        <method signature="AbstractTestNGCucumberTests.run_cukes()[pri:0, instance:runner_classes.TestCukesRunner@11bd0f3b]" name="run_cukes" class="cucumber.api.testng.AbstractTestNGCucumberTests"/>
      </group> <!-- cucumber -->
    </groups>
    <test started-at="2018-10-11T07:03:19Z" name="Default test" finished-at="2018-10-11T07:03:20Z" duration-ms="280">
      <class name="runner_classes.TestCukesRunner">
        <test-method is-config="true" signature="initializeSuite(org.testng.ITestContext)[pri:0, instance:runner_classes.TestCukesRunner@11bd0f3b]" started-at="2018-10-11T03:03:19Z" name="initializeSuite" finished-at="2018-10-11T03:03:19Z" duration-ms="7" status="PASS">
          <params>
            <param index="0">
              <value>
                <![CDATA[org.testng.TestRunner@1d8062d2]]>
              </value>
            </param>
          </params>
          <reporter-output>
          </reporter-output>
        </test-method> <!-- initializeSuite -->
        <test-method signature="run_cukes()[pri:0, instance:runner_classes.TestCukesRunner@11bd0f3b]" started-at="2018-10-11T03:03:19Z" name="run_cukes" description="Runs Cucumber Features" finished-at="2018-10-11T03:03:20Z" duration-ms="266" status="FAIL">
          <exception class="cucumber.runtime.CucumberException">
            <message>
              <![CDATA[Error parsing feature file features/GitHubRepoTest.feature]]>
            </message>
            <full-stacktrace>
              <![CDATA[cucumber.runtime.CucumberException: Error parsing feature file features/GitHubRepoTest.feature
	at cucumber.runtime.FeatureBuilder.parse(FeatureBuilder.java:133)
	at cucumber.runtime.model.CucumberFeature.loadFromFeaturePath(CucumberFeature.java:102)
	at cucumber.runtime.model.CucumberFeature.load(CucumberFeature.java:54)
	at cucumber.runtime.model.CucumberFeature.load(CucumberFeature.java:34)
	at cucumber.runtime.RuntimeOptions.cucumberFeatures(RuntimeOptions.java:201)
	at cucumber.runtime.Runtime.run(Runtime.java:109)
	at cucumber.api.testng.TestNGCucumberRunner.runCukes(TestNGCucumberRunner.java:43)
	at cucumber.api.testng.AbstractTestNGCucumberTests.run_cukes(AbstractTestNGCucumberTests.java:14)
	at java.base/jdk.internal.reflect.NativeMethodAccessorImpl.invoke0(Native Method)
	at java.base/jdk.internal.reflect.NativeMethodAccessorImpl.invoke(NativeMethodAccessorImpl.java:62)
	at java.base/jdk.internal.reflect.DelegatingMethodAccessorImpl.invoke(DelegatingMethodAccessorImpl.java:43)
	at java.base/java.lang.reflect.Method.invoke(Method.java:564)
	at org.testng.internal.MethodInvocationHelper.invokeMethod(MethodInvocationHelper.java:84)
	at org.testng.internal.MethodInvocationHelper$1.runTestMethod(MethodInvocationHelper.java:200)
	at cucumber.api.testng.AbstractTestNGCucumberTests.run(AbstractTestNGCucumberTests.java:19)
	at java.base/jdk.internal.reflect.NativeMethodAccessorImpl.invoke0(Native Method)
	at java.base/jdk.internal.reflect.NativeMethodAccessorImpl.invoke(NativeMethodAccessorImpl.java:62)
	at java.base/jdk.internal.reflect.DelegatingMethodAccessorImpl.invoke(DelegatingMethodAccessorImpl.java:43)
	at java.base/java.lang.reflect.Method.invoke(Method.java:564)
	at org.testng.internal.MethodInvocationHelper.invokeHookable(MethodInvocationHelper.java:212)
	at org.testng.internal.Invoker.invokeMethod(Invoker.java:707)
	at org.testng.internal.Invoker.invokeTestMethod(Invoker.java:901)
	at org.testng.internal.Invoker.invokeTestMethods(Invoker.java:1231)
	at org.testng.internal.TestMethodWorker.invokeTestMethods(TestMethodWorker.java:127)
	at org.testng.internal.TestMethodWorker.run(TestMethodWorker.java:111)
	at org.testng.TestRunner.privateRun(TestRunner.java:767)
	at org.testng.TestRunner.run(TestRunner.java:617)
	at org.testng.SuiteRunner.runTest(SuiteRunner.java:348)
	at org.testng.SuiteRunner.runSequentially(SuiteRunner.java:343)
	at org.testng.SuiteRunner.privateRun(SuiteRunner.java:305)
	at org.testng.SuiteRunner.run(SuiteRunner.java:254)
	at org.testng.SuiteRunnerWorker.runSuite(SuiteRunnerWorker.java:52)
	at org.testng.SuiteRunnerWorker.run(SuiteRunnerWorker.java:86)
	at org.testng.TestNG.runSuitesSequentially(TestNG.java:1224)
	at org.testng.TestNG.runSuitesLocally(TestNG.java:1149)
	at org.testng.TestNG.run(TestNG.java:1057)
	at org.testng.remote.AbstractRemoteTestNG.run(AbstractRemoteTestNG.java:114)
	at org.testng.remote.RemoteTestNG.initAndRun(RemoteTestNG.java:251)
	at org.testng.remote.RemoteTestNG.main(RemoteTestNG.java:77)
Caused by: gherkin.lexer.LexingError: Lexing error on line 12: '`	Then I select the available repositories
    Then I verify the existance of the "<expected_repository>" in the github account 

    Examples:
    |github_usernames|expected_repository|
		|icterguru|WebAutomation1001|
		|icterguru|WebAutomation1004|
		|icterguru|WebAutomation1005|
		

		
#Feature: Google Footer Link Test
#As a Google tester I want to test Google Footer Links
#Given I go to Google Home page
#
#Scenario: Privacy Link test
#When I click on the Privacy link
#Then I see the Privacy page
# 
#Scenario: Terms Link test
#When I click on the Terms link
#Then I see the Terms page
# 
#Scenario: Settings Link test
#When I click on the Settings link
#Then I see the Settings page
#


#Author: your.email@your.domain.com
#Keywords Summary :
#Feature: List of scenarios.
#Scenario: Business rule through list of steps with arguments.
#Given: Some precondition step
#When: Some key actions
#Then: To observe outcomes or validation
#And,But: To enumerate more Given,When,Then steps
#Scenario Outline: List of steps for data-driven as an Examples and <placeholder>
#Examples: Container for s table
#Background: List of steps run before each of the scenarios
#""" (Doc Strings)
#| (Data Tables)
#@ (Tags/Labels):To group Scenarios
#<> (placeholder)
#""
## (Comments)
#Sample Feature Definition Template

 
 #
  #
#
#@tag
#Feature: Title of your feature
  #I want to use this template for my feature file
#
  #@tag1
  #Scenario: Title of your scenario
    #Given I want to write a step with precondition
    #And some other precondition
    #When I complete action
    #And some other action
    #And yet another action
    #Then I validate the outcomes
    #And check more outcomes
#
  #@tag2
  #Scenario Outline: Title of your scenario outline
    #Given I want to write a step with <name>
    #When I check for the <value> in step
    #Then I verify the <status> in step
#
    #Examples: 
      #| name  | value | status  |
      #| name1 |     5 | success |
      #| name2 |     7 | Fail    |
      
%_FEATURE_END_%'. See http://wiki.github.com/cucumber/gherkin/lexingerror for more information.
	at gherkin.lexer.En.scan(En.java:872)
	at gherkin.lexer.I18nLexer.scan(I18nLexer.java:36)
	at gherkin.parser.Parser.parse(Parser.java:62)
	at cucumber.runtime.FeatureBuilder.parse(FeatureBuilder.java:131)
	... 38 more
]]>
            </full-stacktrace>
          </exception> <!-- cucumber.runtime.CucumberException -->
          <reporter-output>
          </reporter-output>
        </test-method> <!-- run_cukes -->
        <test-method is-config="true" signature="afterSuite()[pri:0, instance:runner_classes.TestCukesRunner@11bd0f3b]" started-at="2018-10-11T03:03:20Z" name="afterSuite" finished-at="2018-10-11T03:03:20Z" duration-ms="1" status="PASS">
          <reporter-output>
          </reporter-output>
        </test-method> <!-- afterSuite -->
      </class> <!-- runner_classes.TestCukesRunner -->
    </test> <!-- Default test -->
  </suite> <!-- Default suite -->
</testng-results>
